<?xml version="1.0" encoding="UTF-8"?>
<testng-results ignored="0" total="1" passed="1" failed="0" skipped="0">
  <reporter-output>
  </reporter-output>
  <suite started-at="2024-04-18T10:23:55 IST" name="Default suite" finished-at="2024-04-18T10:24:17 IST" duration-ms="21672">
    <groups>
      <group name="cucumber">
        <method signature="AbstractTestNGCucumberTests.runScenario(io.cucumber.testng.PickleWrapper,io.cucumber.testng.FeatureWrapper)[pri:0, instance:MMTRunner.BusesRunner@431cd9b2]" name="runScenario" class="io.cucumber.testng.AbstractTestNGCucumberTests"/>
      </group> <!-- cucumber -->
    </groups>
    <test started-at="2024-04-18T10:23:55 IST" name="Default test" finished-at="2024-04-18T10:24:17 IST" duration-ms="21672">
      <class name="MMTRunner.BusesRunner">
        <test-method is-config="true" signature="setUpClass(org.testng.ITestContext)[pri:0, instance:MMTRunner.BusesRunner@431cd9b2]" started-at="2024-04-18T10:23:55 IST" name="setUpClass" finished-at="2024-04-18T10:23:55 IST" duration-ms="305" status="PASS">
          <params>
            <param index="0">
              <value>
                <![CDATA[org.testng.TestRunner@508a65bf]]>
              </value>
            </param>
          </params>
          <reporter-output>
          </reporter-output>
        </test-method> <!-- setUpClass -->
        <test-method signature="runScenario(io.cucumber.testng.PickleWrapper,io.cucumber.testng.FeatureWrapper)[pri:0, instance:MMTRunner.BusesRunner@431cd9b2]" started-at="2024-04-18T10:23:55 IST" name="runScenario" description="Runs Cucumber Scenarios" data-provider="scenarios" finished-at="2024-04-18T10:24:17 IST" duration-ms="21303" status="PASS">
          <params>
            <param index="0">
              <value>
                <![CDATA["To validate search functionality to book bus ticket"]]>
              </value>
            </param>
            <param index="1">
              <value>
                <![CDATA["To test the Bus functionality to book bus ticket"]]>
              </value>
            </param>
          </params>
          <reporter-output>
          </reporter-output>
        </test-method> <!-- runScenario -->
        <test-method is-config="true" signature="tearDownClass()[pri:0, instance:MMTRunner.BusesRunner@431cd9b2]" started-at="2024-04-18T10:24:17 IST" name="tearDownClass" finished-at="2024-04-18T10:24:17 IST" duration-ms="6" status="PASS">
          <reporter-output>
          </reporter-output>
        </test-method> <!-- tearDownClass -->
      </class> <!-- MMTRunner.BusesRunner -->
    </test> <!-- Default test -->
  </suite> <!-- Default suite -->
</testng-results>
